{"level":"info","message":"Connected to MongoDB: mongodb://localhost:27017/cashdaddy_user_dev","service":"user","timestamp":"2024-08-16 13:02:59"}
{"level":"info","message":"Connected to Redis: redis://localhost:6379","service":"user","timestamp":"2024-08-16 13:02:59"}
{"level":"info","message":"Connected to Kafka: localhost:29092","service":"user","timestamp":"2024-08-16 13:02:59"}
{"level":"info","message":"User microservice listening on port 3000","service":"user","timestamp":"2024-08-16 13:02:59"}
{"level":"info","message":"Response: 201 User registered successfully","service":"user","timestamp":"2024-08-16 13:03:08"}
{"level":"info","message":"Response: 200 Login successful","service":"user","timestamp":"2024-08-16 13:03:08"}
{"level":"info","message":"Response: 200 Logout successful","service":"user","timestamp":"2024-08-16 13:03:08"}
{"level":"info","message":"Response: 200 User retrieved successfully","service":"user","timestamp":"2024-08-16 13:03:08"}
{"level":"info","message":"Response: 200 User updated successfully","service":"user","timestamp":"2024-08-16 13:03:08"}
{"level":"info","message":"Response: 200 Users retrieved successfully","service":"user","timestamp":"2024-08-16 13:03:08"}
{"level":"info","message":"Response: 200 User retrieved successfully","service":"user","timestamp":"2024-08-16 13:03:08"}
{"level":"info","message":"Response: 404 User not found","service":"user","timestamp":"2024-08-16 13:03:08"}
{"level":"info","message":"Response: 200 User updated successfully","service":"user","timestamp":"2024-08-16 13:03:08"}
{"level":"info","message":"Response: 200 User deactivated successfully","service":"user","timestamp":"2024-08-16 13:03:08"}
{"level":"info","message":"Response: 400 User is already inactive","service":"user","timestamp":"2024-08-16 13:03:08"}
{"level":"info","message":"Response: 200 User reactivated successfully","service":"user","timestamp":"2024-08-16 13:03:08"}
{"level":"info","message":"Response: 400 User is already active","service":"user","timestamp":"2024-08-16 13:03:08"}
{"level":"info","message":"Response: 200 User promoted successfully","service":"user","timestamp":"2024-08-16 13:03:08"}
{"level":"info","message":"Response: 400 User is already admin","service":"user","timestamp":"2024-08-16 13:03:08"}
{"level":"info","message":"Response: 200 Users retrieved successfully","service":"user","timestamp":"2024-08-16 13:03:08"}
{"level":"info","message":"Response: 404 User not found","service":"user","timestamp":"2024-08-16 13:03:08"}
{"level":"info","message":"Response: 200 User updated successfully","service":"user","timestamp":"2024-08-16 13:03:08"}
{"level":"info","message":"Response: 400 User not found","service":"user","timestamp":"2024-08-16 13:03:08"}
{"level":"info","message":"Response: 400 User is already inactive","service":"user","timestamp":"2024-08-16 13:03:08"}
{"level":"info","message":"Response: 400 User not found","service":"user","timestamp":"2024-08-16 13:03:08"}
{"level":"info","message":"Response: 400 User is already active","service":"user","timestamp":"2024-08-16 13:03:08"}
{"level":"info","message":"Response: 400 User not found","service":"user","timestamp":"2024-08-16 13:03:08"}
{"level":"info","message":"Response: 400 User is already an admin","service":"user","timestamp":"2024-08-16 13:03:08"}
{"level":"info","message":"Connected to MongoDB: mongodb://localhost:27017/cashdaddy_user_dev","service":"user","timestamp":"2024-08-16 13:07:20"}
{"level":"info","message":"Connected to Redis: redis://localhost:6379","service":"user","timestamp":"2024-08-16 13:07:20"}
{"level":"info","message":"Connected to Kafka: localhost:29092","service":"user","timestamp":"2024-08-16 13:07:20"}
{"level":"info","message":"User microservice listening on port 3000","service":"user","timestamp":"2024-08-16 13:07:20"}
{"level":"info","message":"Response: 201 User registered successfully","service":"user","timestamp":"2024-08-16 13:07:40"}
{"level":"error","message":"Error: Invalid credentials or inactive account\n    at UserService.login (/home/jireh/projects/stratpoint/CashDaddy/user-service/src/services/db/user.service.ts:35:13)\n    at processTicksAndRejections (node:internal/process/task_queues:95:5)\n    at async UserController.login (/home/jireh/projects/stratpoint/CashDaddy/user-service/src/controller/user.controller.ts:27:27)","service":"user","timestamp":"2024-08-16 13:07:50"}
{"level":"info","message":"Response: 400 An error occurred","service":"user","timestamp":"2024-08-16 13:07:50"}
{"email":"user@example.com","level":"info","message":"User logged in","role":"SUPER_ADMIN","service":"user","status":"ACTIVE","timestamp":"2024-08-16 13:08:00","userId":"66bede9ce18a89e2d0bb10de","verificationStatus":"NOT_SUBMITTED"}
{"level":"info","message":"Response: 200 Login successful","service":"user","timestamp":"2024-08-16 13:08:00"}
{"level":"info","message":"Response: 201 User profile created successfully","service":"user","timestamp":"2024-08-16 13:08:15"}
{"level":"info","message":"Response: 200 KYC submitted or updated successfully","service":"user","timestamp":"2024-08-16 13:08:27"}
{"level":"info","message":"Response: 200 Users retrieved successfully","service":"user","timestamp":"2024-08-16 13:08:42"}
{"level":"error","message":"Error: KYC not found for this user\n    at KYCService.getKYCStatus (/home/jireh/projects/stratpoint/CashDaddy/user-service/src/services/db/kyc.service.ts:49:13)\n    at processTicksAndRejections (node:internal/process/task_queues:95:5)\n    at async CacheManager.cacheMethod (/home/jireh/projects/stratpoint/CashDaddy/user-service/src/services/cache/cache-manager.service.ts:17:20)\n    at async KYCController.getKYCStatus (/home/jireh/projects/stratpoint/CashDaddy/user-service/src/controller/kyc.controller.ts:28:19)","service":"user","timestamp":"2024-08-16 13:09:22"}
{"level":"info","message":"Response: 404 An error occurred","service":"user","timestamp":"2024-08-16 13:09:22"}
{"level":"info","message":"Response: 200 KYC status retrieved successfully","service":"user","timestamp":"2024-08-16 13:09:35"}
{"level":"info","message":"Response: 200 KYC approved successfully","service":"user","timestamp":"2024-08-16 13:09:47"}
{"level":"info","message":"Connected to MongoDB: mongodb://localhost:27017/cashdaddy_user_dev","service":"user","timestamp":"2024-08-16 13:12:15"}
{"level":"info","message":"Connected to Redis: redis://localhost:6379","service":"user","timestamp":"2024-08-16 13:12:15"}
{"level":"info","message":"Connected to Kafka: localhost:29092","service":"user","timestamp":"2024-08-16 13:12:15"}
{"level":"info","message":"User microservice listening on port 3000","service":"user","timestamp":"2024-08-16 13:12:15"}
{"level":"info","message":"Response: 201 User registered successfully","service":"user","timestamp":"2024-08-16 13:12:19"}
{"level":"info","message":"Response: 400 User is already admin","service":"user","timestamp":"2024-08-16 13:12:25"}
{"level":"info","message":"Response: 200 User promoted successfully","service":"user","timestamp":"2024-08-16 13:12:46"}
{"email":"user1@example.com","level":"info","message":"User logged in","role":"ADMIN","service":"user","status":"ACTIVE","timestamp":"2024-08-16 13:13:08","userId":"66bedfb32bd7bc19e5c04ad3","verificationStatus":"NOT_SUBMITTED"}
{"level":"info","message":"Response: 200 Login successful","service":"user","timestamp":"2024-08-16 13:13:08"}
{"level":"info","message":"Response: 201 User registered successfully","service":"user","timestamp":"2024-08-16 13:13:15"}
{"level":"error","message":"Error: Insufficient privileges\n    at /home/jireh/projects/stratpoint/CashDaddy/user-service/src/middlewares/auth.middleware.ts:39:17\n    at Layer.handle [as handle_request] (/home/jireh/projects/stratpoint/CashDaddy/user-service/node_modules/express/lib/router/layer.js:95:5)\n    at next (/home/jireh/projects/stratpoint/CashDaddy/user-service/node_modules/express/lib/router/route.js:149:13)\n    at Route.dispatch (/home/jireh/projects/stratpoint/CashDaddy/user-service/node_modules/express/lib/router/route.js:119:3)\n    at Layer.handle [as handle_request] (/home/jireh/projects/stratpoint/CashDaddy/user-service/node_modules/express/lib/router/layer.js:95:5)\n    at /home/jireh/projects/stratpoint/CashDaddy/user-service/node_modules/express/lib/router/index.js:284:15\n    at param (/home/jireh/projects/stratpoint/CashDaddy/user-service/node_modules/express/lib/router/index.js:365:14)\n    at param (/home/jireh/projects/stratpoint/CashDaddy/user-service/node_modules/express/lib/router/index.js:376:14)\n    at Function.process_params (/home/jireh/projects/stratpoint/CashDaddy/user-service/node_modules/express/lib/router/index.js:421:3)\n    at next (/home/jireh/projects/stratpoint/CashDaddy/user-service/node_modules/express/lib/router/index.js:280:10)","service":"user","timestamp":"2024-08-16 13:13:20"}
{"level":"info","message":"Response: 401 An error occurred","service":"user","timestamp":"2024-08-16 13:13:20"}
{"level":"info","message":"Connected to MongoDB: mongodb://localhost:27017/cashdaddy_user_dev","service":"user","timestamp":"2024-08-16 17:13:44"}
{"level":"info","message":"Connected to Redis: redis://localhost:6379","service":"user","timestamp":"2024-08-16 17:13:44"}
{"level":"info","message":"Connected to Kafka: localhost:29092","service":"user","timestamp":"2024-08-16 17:13:44"}
{"level":"info","message":"User microservice listening on port 3000","service":"user","timestamp":"2024-08-16 17:13:44"}
{"level":"info","message":"Connected to MongoDB: mongodb://localhost:27017/cashdaddy_user_dev","service":"user","timestamp":"2024-08-16 17:13:50"}
{"level":"info","message":"Connected to Redis: redis://localhost:6379","service":"user","timestamp":"2024-08-16 17:13:50"}
{"level":"info","message":"Connected to Kafka: localhost:29092","service":"user","timestamp":"2024-08-16 17:13:50"}
{"level":"info","message":"User microservice listening on port 3000","service":"user","timestamp":"2024-08-16 17:13:50"}
{"email":"user1@example.com","level":"info","message":"User logged in","role":"ADMIN","service":"user","status":"ACTIVE","timestamp":"2024-08-16 17:13:53","userId":"66bedfb32bd7bc19e5c04ad3","verificationStatus":"NOT_SUBMITTED"}
{"level":"info","message":"Response: 200 Login successful","service":"user","timestamp":"2024-08-16 17:13:53"}
{"email":"user2@example.com","level":"info","message":"User logged in","role":"USER","service":"user","status":"ACTIVE","timestamp":"2024-08-16 17:14:00","userId":"66bedfeb2bd7bc19e5c04adc","verificationStatus":"NOT_SUBMITTED"}
{"level":"info","message":"Response: 200 Login successful","service":"user","timestamp":"2024-08-16 17:14:00"}
{"level":"info","message":"Response: 200 Logout successful","service":"user","timestamp":"2024-08-16 17:14:05"}
{"level":"error","message":"Error: Token is no longer valid\n    at /home/jireh/projects/stratpoint/CashDaddy/user-service/src/middlewares/auth.middleware.ts:40:17\n    at processTicksAndRejections (node:internal/process/task_queues:95:5)","service":"user","timestamp":"2024-08-16 17:14:09"}
{"level":"info","message":"Response: 401 An error occurred","service":"user","timestamp":"2024-08-16 17:14:09"}
{"email":"user2@example.com","level":"info","message":"User logged in","role":"USER","service":"user","status":"ACTIVE","timestamp":"2024-08-16 17:14:14","userId":"66bedfeb2bd7bc19e5c04adc","verificationStatus":"NOT_SUBMITTED"}
{"level":"info","message":"Response: 200 Login successful","service":"user","timestamp":"2024-08-16 17:14:14"}
{"level":"info","message":"Response: 200 User retrieved successfully","service":"user","timestamp":"2024-08-16 17:14:16"}
{"level":"info","message":"Response: 200 Logout successful","service":"user","timestamp":"2024-08-16 17:14:18"}
{"level":"error","message":"Error: Token is no longer valid\n    at /home/jireh/projects/stratpoint/CashDaddy/user-service/src/middlewares/auth.middleware.ts:40:17\n    at processTicksAndRejections (node:internal/process/task_queues:95:5)","service":"user","timestamp":"2024-08-16 17:14:21"}
{"level":"info","message":"Response: 401 An error occurred","service":"user","timestamp":"2024-08-16 17:14:21"}
{"level":"error","message":"Error: Token is no longer valid\n    at /home/jireh/projects/stratpoint/CashDaddy/user-service/src/middlewares/auth.middleware.ts:40:17\n    at processTicksAndRejections (node:internal/process/task_queues:95:5)","service":"user","timestamp":"2024-08-16 17:14:21"}
{"level":"info","message":"Response: 401 An error occurred","service":"user","timestamp":"2024-08-16 17:14:21"}
{"level":"info","message":"Connected to MongoDB: mongodb://localhost:27017/cashdaddy_user_dev","service":"user","timestamp":"2024-08-16 17:18:32"}
{"level":"info","message":"Connected to Redis: redis://localhost:6379","service":"user","timestamp":"2024-08-16 17:18:32"}
{"level":"info","message":"Connected to Kafka: localhost:29092","service":"user","timestamp":"2024-08-16 17:18:32"}
{"level":"info","message":"User microservice listening on port 3000","service":"user","timestamp":"2024-08-16 17:18:32"}
{"level":"info","message":"Connected to MongoDB: mongodb://localhost:27017/cashdaddy_user_dev","service":"user","timestamp":"2024-08-16 17:18:43"}
{"level":"info","message":"Connected to Redis: redis://localhost:6379","service":"user","timestamp":"2024-08-16 17:18:43"}
{"level":"info","message":"Connected to Kafka: localhost:29092","service":"user","timestamp":"2024-08-16 17:18:43"}
{"level":"info","message":"User microservice listening on port 3000","service":"user","timestamp":"2024-08-16 17:18:43"}
{"email":"user2@example.com","level":"info","message":"User logged in","role":"USER","service":"user","status":"ACTIVE","timestamp":"2024-08-16 17:18:46","userId":"66bedfeb2bd7bc19e5c04adc","verificationStatus":"NOT_SUBMITTED"}
{"level":"info","message":"Response: 200 Login successful","service":"user","timestamp":"2024-08-16 17:18:46"}
{"level":"info","message":"Response: 200 Logout successful","service":"user","timestamp":"2024-08-16 17:18:47"}
{"level":"error","message":"Error: Token is no longer valid\n    at /home/jireh/projects/stratpoint/CashDaddy/user-service/src/middlewares/auth.middleware.ts:40:17\n    at processTicksAndRejections (node:internal/process/task_queues:95:5)","service":"user","timestamp":"2024-08-16 17:18:48"}
{"level":"info","message":"Response: 401 An error occurred","service":"user","timestamp":"2024-08-16 17:18:48"}
{"level":"error","message":"Error: Token is no longer valid\n    at /home/jireh/projects/stratpoint/CashDaddy/user-service/src/middlewares/auth.middleware.ts:40:17\n    at processTicksAndRejections (node:internal/process/task_queues:95:5)","service":"user","timestamp":"2024-08-16 17:18:51"}
{"level":"info","message":"Response: 401 An error occurred","service":"user","timestamp":"2024-08-16 17:18:51"}
{"email":"user2@example.com","level":"info","message":"User logged in","role":"USER","service":"user","status":"ACTIVE","timestamp":"2024-08-16 17:18:53","userId":"66bedfeb2bd7bc19e5c04adc","verificationStatus":"NOT_SUBMITTED"}
{"level":"info","message":"Response: 200 Login successful","service":"user","timestamp":"2024-08-16 17:18:53"}
{"level":"info","message":"Response: 200 Logout successful","service":"user","timestamp":"2024-08-16 17:18:55"}
{"level":"info","message":"Connected to MongoDB: mongodb://localhost:27017/cashdaddy_user_dev","service":"user","timestamp":"2024-08-16 17:23:11"}
{"level":"info","message":"Connected to Redis: redis://localhost:6379","service":"user","timestamp":"2024-08-16 17:23:11"}
{"level":"info","message":"Connected to Kafka: localhost:29092","service":"user","timestamp":"2024-08-16 17:23:11"}
{"level":"info","message":"User microservice listening on port 3000","service":"user","timestamp":"2024-08-16 17:23:11"}
{"email":"user2@example.com","level":"info","message":"User logged in","role":"USER","service":"user","status":"ACTIVE","timestamp":"2024-08-16 17:23:15","userId":"66bedfeb2bd7bc19e5c04adc","verificationStatus":"NOT_SUBMITTED"}
{"level":"info","message":"Response: 200 Login successful","service":"user","timestamp":"2024-08-16 17:23:15"}
{"level":"info","message":"Response: 200 Logout successful","service":"user","timestamp":"2024-08-16 17:23:16"}
{"email":"user2@example.com","level":"info","message":"User logged in","role":"USER","service":"user","status":"ACTIVE","timestamp":"2024-08-16 17:23:19","userId":"66bedfeb2bd7bc19e5c04adc","verificationStatus":"NOT_SUBMITTED"}
{"level":"info","message":"Response: 200 Login successful","service":"user","timestamp":"2024-08-16 17:23:19"}
{"level":"info","message":"Response: 200 Logout successful","service":"user","timestamp":"2024-08-16 17:23:21"}
{"level":"info","message":"Connected to MongoDB: mongodb://localhost:27017/cashdaddy_user_dev","service":"user","timestamp":"2024-08-16 17:24:11"}
{"level":"info","message":"Connected to Redis: redis://localhost:6379","service":"user","timestamp":"2024-08-16 17:24:11"}
{"level":"info","message":"Connected to Kafka: localhost:29092","service":"user","timestamp":"2024-08-16 17:24:11"}
{"level":"info","message":"User microservice listening on port 3000","service":"user","timestamp":"2024-08-16 17:24:11"}
{"level":"info","message":"Connected to MongoDB: mongodb://localhost:27017/cashdaddy_user_dev","service":"user","timestamp":"2024-08-16 17:24:19"}
{"level":"info","message":"Connected to Redis: redis://localhost:6379","service":"user","timestamp":"2024-08-16 17:24:19"}
{"level":"info","message":"Connected to Kafka: localhost:29092","service":"user","timestamp":"2024-08-16 17:24:19"}
{"level":"info","message":"User microservice listening on port 3000","service":"user","timestamp":"2024-08-16 17:24:19"}
